2024-03-26 07:22:19,730 ERROR: Exception on /export_posts [GET] [in C:\Users\hp\Desktop\SchoolProject\SchoolProject\microblog\venv\Lib\site-packages\flask\app.py:828]
Traceback (most recent call last):
  File "C:\Users\hp\Desktop\SchoolProject\SchoolProject\microblog\venv\Lib\site-packages\redis\connection.py", line 276, in connect
    sock = self.retry.call_with_retry(
           ^^^^^^^^^^^^^^^^^^^^^^^^^^^
  File "C:\Users\hp\Desktop\SchoolProject\SchoolProject\microblog\venv\Lib\site-packages\redis\retry.py", line 46, in call_with_retry
    return do()
           ^^^^
  File "C:\Users\hp\Desktop\SchoolProject\SchoolProject\microblog\venv\Lib\site-packages\redis\connection.py", line 277, in <lambda>
    lambda: self._connect(), lambda error: self.disconnect(error)
            ^^^^^^^^^^^^^^^
  File "C:\Users\hp\Desktop\SchoolProject\SchoolProject\microblog\venv\Lib\site-packages\redis\connection.py", line 639, in _connect
    raise err
  File "C:\Users\hp\Desktop\SchoolProject\SchoolProject\microblog\venv\Lib\site-packages\redis\connection.py", line 627, in _connect
    sock.connect(socket_address)
ConnectionRefusedError: [WinError 10061] No connection could be made because the target machine actively refused it

During handling of the above exception, another exception occurred:

Traceback (most recent call last):
  File "C:\Users\hp\Desktop\SchoolProject\SchoolProject\microblog\venv\Lib\site-packages\flask\app.py", line 1463, in wsgi_app
    response = self.full_dispatch_request()
               ^^^^^^^^^^^^^^^^^^^^^^^^^^^^
  File "C:\Users\hp\Desktop\SchoolProject\SchoolProject\microblog\venv\Lib\site-packages\flask\app.py", line 872, in full_dispatch_request
    rv = self.handle_user_exception(e)
         ^^^^^^^^^^^^^^^^^^^^^^^^^^^^^
  File "C:\Users\hp\Desktop\SchoolProject\SchoolProject\microblog\venv\Lib\site-packages\flask\app.py", line 870, in full_dispatch_request
    rv = self.dispatch_request()
         ^^^^^^^^^^^^^^^^^^^^^^^
  File "C:\Users\hp\Desktop\SchoolProject\SchoolProject\microblog\venv\Lib\site-packages\flask\app.py", line 855, in dispatch_request
    return self.ensure_sync(self.view_functions[rule.endpoint])(**view_args)  # type: ignore[no-any-return]
           ^^^^^^^^^^^^^^^^^^^^^^^^^^^^^^^^^^^^^^^^^^^^^^^^^^^^^^^^^^^^^^^^^
  File "C:\Users\hp\Desktop\SchoolProject\SchoolProject\microblog\venv\Lib\site-packages\flask_login\utils.py", line 290, in decorated_view
    return current_app.ensure_sync(func)(*args, **kwargs)
           ^^^^^^^^^^^^^^^^^^^^^^^^^^^^^^^^^^^^^^^^^^^^^^
  File "C:\Users\hp\Desktop\SchoolProject\SchoolProject\microblog\app\main\routes.py", line 225, in export_posts
    current_user.launch_task('export_posts', _('Exporting posts...'))
  File "C:\Users\hp\Desktop\SchoolProject\SchoolProject\microblog\app\models.py", line 210, in launch_task
    rq_job = current_app.task_queue.enqueue(f'app.tasks.{name}', self.id,
             ^^^^^^^^^^^^^^^^^^^^^^^^^^^^^^^^^^^^^^^^^^^^^^^^^^^^^^^^^^^^
  File "C:\Users\hp\Desktop\SchoolProject\SchoolProject\microblog\venv\Lib\site-packages\rq\queue.py", line 977, in enqueue
    return self.enqueue_call(
           ^^^^^^^^^^^^^^^^^^
  File "C:\Users\hp\Desktop\SchoolProject\SchoolProject\microblog\venv\Lib\site-packages\rq\queue.py", line 725, in enqueue_call
    return self.enqueue_job(job, pipeline=pipeline, at_front=at_front)
           ^^^^^^^^^^^^^^^^^^^^^^^^^^^^^^^^^^^^^^^^^^^^^^^^^^^^^^^^^^^
  File "C:\Users\hp\Desktop\SchoolProject\SchoolProject\microblog\venv\Lib\site-packages\rq\queue.py", line 1100, in enqueue_job
    return self._enqueue_job(job, pipeline=pipeline, at_front=at_front)
           ^^^^^^^^^^^^^^^^^^^^^^^^^^^^^^^^^^^^^^^^^^^^^^^^^^^^^^^^^^^^
  File "C:\Users\hp\Desktop\SchoolProject\SchoolProject\microblog\venv\Lib\site-packages\rq\queue.py", line 1120, in _enqueue_job
    job.redis_server_version = self.get_redis_server_version()
                               ^^^^^^^^^^^^^^^^^^^^^^^^^^^^^^^
  File "C:\Users\hp\Desktop\SchoolProject\SchoolProject\microblog\venv\Lib\site-packages\rq\queue.py", line 219, in get_redis_server_version
    self.redis_server_version = get_version(self.connection)
                                ^^^^^^^^^^^^^^^^^^^^^^^^^^^^
  File "C:\Users\hp\Desktop\SchoolProject\SchoolProject\microblog\venv\Lib\site-packages\rq\utils.py", line 293, in get_version
    tuple(int(i) for i in str(connection.info("server")["redis_version"]).split('.')[:3]),
                              ^^^^^^^^^^^^^^^^^^^^^^^^^
  File "C:\Users\hp\Desktop\SchoolProject\SchoolProject\microblog\venv\Lib\site-packages\redis\commands\core.py", line 1005, in info
    return self.execute_command("INFO", section, *args, **kwargs)
           ^^^^^^^^^^^^^^^^^^^^^^^^^^^^^^^^^^^^^^^^^^^^^^^^^^^^^^
  File "C:\Users\hp\Desktop\SchoolProject\SchoolProject\microblog\venv\Lib\site-packages\redis\client.py", line 540, in execute_command
    conn = self.connection or pool.get_connection(command_name, **options)
                              ^^^^^^^^^^^^^^^^^^^^^^^^^^^^^^^^^^^^^^^^^^^^
  File "C:\Users\hp\Desktop\SchoolProject\SchoolProject\microblog\venv\Lib\site-packages\redis\connection.py", line 1104, in get_connection
    connection.connect()
  File "C:\Users\hp\Desktop\SchoolProject\SchoolProject\microblog\venv\Lib\site-packages\redis\connection.py", line 282, in connect
    raise ConnectionError(self._error_message(e))
redis.exceptions.ConnectionError: Error 10061 connecting to localhost:6379. No connection could be made because the target machine actively refused it.
2024-03-26 12:27:37,264 INFO: Microblog startup [in C:\Users\hp\Desktop\SchoolProject\SchoolProject\microblog\app\__init__.py:94]
2024-03-26 12:32:10,896 INFO: Microblog startup [in C:\Users\hp\Desktop\SchoolProject\SchoolProject\microblog\app\__init__.py:94]
2024-03-26 13:03:26,674 INFO: Microblog startup [in C:\Users\hp\Desktop\SchoolProject\SchoolProject\microblog\app\__init__.py:94]
2024-04-02 20:39:22,317 INFO: Microblog startup [in C:\Users\hp\Desktop\SchoolProject\SchoolProject\microblog\app\__init__.py:94]
